<?xml version="1.0" encoding="UTF-8"?>
<!-- Generated by org.testng.reporters.JUnitReportReporter -->
<testsuite skipped="0" hostname="DESKTOP-OCIILT7" name="com.freecrm.tests.CompanyTest" tests="1" failures="0" timestamp="2021-02-11T16:54:29 IST" time="23.841" errors="0">
  <testcase name="tc1" time="23.841" classname="com.freecrm.tests.CompanyTest"/>
</testsuite> <!-- com.freecrm.tests.CompanyTest -->
